<?xml version="1.0" encoding="UTF-8"?>
<testsuite xmlns:xsi="http://www.w3.org/2001/XMLSchema-instance" xsi:noNamespaceSchemaLocation="https://maven.apache.org/surefire/maven-surefire-plugin/xsd/surefire-test-report.xsd" name="ua.lviv.iot.fortifications.manager.FortificationsManagerImplTest" time="0.051" tests="4" errors="0" skipped="0" failures="0">
  <properties>
[...]
</properties>
  <testcase name="findItemsByLength" classname="ua.lviv.iot.fortifications.manager.FortificationsManagerImplTest" time="0.014"/>
  <testcase name="findItemsByTime" classname="ua.lviv.iot.fortifications.manager.FortificationsManagerImplTest" time="0.014"/>
  <testcase name="sortByDepth2" classname="ua.lviv.iot.fortifications.manager.FortificationsManagerImplTest" time="0.016"/>
  <testcase name="sortByDepth" classname="ua.lviv.iot.fortifications.manager.FortificationsManagerImplTest" time="0.002"/>
</testsuite>